2025-07-24 15:29:11,452 - INFO - 
==================================================
2025-07-24 15:29:11,472 - INFO - === TP/SL MANAGER STARTED ===
2025-07-24 15:29:11,474 - INFO - ==================================================

2025-07-24 15:29:11,475 - INFO - Checking algo11 positions...
2025-07-24 15:29:11,656 - INFO - Checking algo15 positions...
2025-07-24 15:29:12,201 - INFO - Updated 2 positions
2025-07-24 15:29:32,203 - INFO - Checking algo11 positions...
2025-07-24 15:29:32,209 - INFO - Checking algo15 positions...
2025-07-24 15:29:52,215 - INFO - Checking algo11 positions...
2025-07-24 15:29:52,218 - INFO - Checking algo15 positions...
2025-07-24 15:30:12,222 - INFO - Checking algo11 positions...
2025-07-24 15:30:12,473 - INFO - Checking algo15 positions...
2025-07-24 15:30:12,476 - INFO - Updated 1 positions
2025-07-24 15:30:32,478 - INFO - Checking algo11 positions...
2025-07-24 15:30:32,479 - INFO - Checking algo15 positions...
2025-07-24 15:35:49,438 - INFO - 
==================================================
2025-07-24 15:35:49,438 - INFO - === TP/SL MANAGER STARTED ===
2025-07-24 15:35:49,439 - INFO - ==================================================

2025-07-24 15:35:49,439 - INFO - Checking algo11 positions...
2025-07-24 15:35:49,446 - INFO - [SUCCESS] MT5 connected for algo11
2025-07-24 15:35:49,682 - INFO - [SUCCESS] algo11 BTCUSD | SL: 119207.43 | TP: 118161.93
2025-07-24 15:35:49,682 - INFO - Checking algo15 positions...
2025-07-24 15:35:49,684 - INFO - [SUCCESS] MT5 connected for algo15
2025-07-24 15:35:49,686 - INFO - Updated 1 positions
2025-07-24 15:36:09,686 - INFO - Checking algo11 positions...
2025-07-24 15:36:09,688 - INFO - Checking algo15 positions...
2025-07-24 15:36:29,690 - INFO - Checking algo11 positions...
2025-07-24 15:36:29,691 - INFO - Checking algo15 positions...
2025-07-24 15:36:49,692 - INFO - Checking algo11 positions...
2025-07-24 15:36:49,693 - INFO - Checking algo15 positions...
2025-07-24 15:37:04,153 - INFO - 
==================================================
2025-07-24 15:37:04,154 - INFO - === TP/SL MANAGER STARTED ===
2025-07-24 15:37:04,154 - INFO - ==================================================

2025-07-24 15:37:04,156 - INFO - Checking algo11 positions...
2025-07-24 15:37:04,161 - INFO - [SUCCESS] MT5 connected for algo11
2025-07-24 15:37:04,163 - INFO - Checking algo15 positions...
2025-07-24 15:37:04,165 - INFO - [SUCCESS] MT5 connected for algo15
2025-07-24 15:37:04,390 - INFO - [SUCCESS] algo15 BTCUSD | SL: 122977.14 | TP: 115107.84
2025-07-24 15:37:04,394 - INFO - Updated 1 positions
2025-07-24 15:37:24,395 - INFO - Checking algo11 positions...
2025-07-24 15:37:24,397 - INFO - Checking algo15 positions...
2025-07-24 15:37:44,401 - INFO - Checking algo11 positions...
2025-07-24 15:37:44,403 - INFO - Checking algo15 positions...
2025-07-24 15:38:04,406 - INFO - Checking algo11 positions...
2025-07-24 15:38:04,409 - INFO - Checking algo15 positions...
2025-07-24 15:38:24,412 - INFO - Checking algo11 positions...
2025-07-24 15:38:24,415 - INFO - Checking algo15 positions...
2025-07-24 15:38:44,417 - INFO - Checking algo11 positions...
2025-07-24 15:38:44,420 - INFO - Checking algo15 positions...
2025-07-24 15:39:04,425 - INFO - Checking algo11 positions...
2025-07-24 15:39:04,431 - INFO - Checking algo15 positions...
2025-07-24 15:39:24,434 - INFO - Checking algo11 positions...
2025-07-24 15:39:24,437 - INFO - Checking algo15 positions...
2025-07-24 15:39:44,440 - INFO - Checking algo11 positions...
2025-07-24 15:39:44,442 - INFO - Checking algo15 positions...
2025-07-24 15:40:04,444 - INFO - Checking algo11 positions...
2025-07-24 15:40:04,447 - INFO - Checking algo15 positions...
2025-07-24 15:40:24,449 - INFO - Checking algo11 positions...
2025-07-24 15:40:24,452 - INFO - Checking algo15 positions...
2025-07-24 15:40:44,456 - INFO - Checking algo11 positions...
2025-07-24 15:40:44,462 - INFO - Checking algo15 positions...
2025-07-24 15:41:04,467 - INFO - Checking algo11 positions...
2025-07-24 15:41:04,470 - INFO - Checking algo15 positions...
2025-07-24 15:41:24,474 - INFO - Checking algo11 positions...
2025-07-24 15:41:24,477 - INFO - Checking algo15 positions...
2025-07-24 15:41:44,480 - INFO - Checking algo11 positions...
2025-07-24 15:41:44,483 - INFO - Checking algo15 positions...
2025-07-24 15:42:04,485 - INFO - Checking algo11 positions...
2025-07-24 15:42:04,491 - INFO - Checking algo15 positions...
2025-07-24 15:42:24,495 - INFO - Checking algo11 positions...
2025-07-24 15:42:24,497 - INFO - Checking algo15 positions...
2025-07-24 15:42:44,499 - INFO - Checking algo11 positions...
2025-07-24 15:42:44,503 - INFO - Checking algo15 positions...
2025-07-24 15:43:04,506 - INFO - Checking algo11 positions...
2025-07-24 15:43:04,510 - INFO - Checking algo15 positions...
2025-07-24 15:43:24,513 - INFO - Checking algo11 positions...
2025-07-24 15:43:24,514 - INFO - Checking algo15 positions...
2025-07-24 15:43:44,516 - INFO - Checking algo11 positions...
2025-07-24 15:43:44,523 - INFO - Checking algo15 positions...
2025-07-24 15:44:04,526 - INFO - Checking algo11 positions...
2025-07-24 15:44:04,528 - INFO - Checking algo15 positions...
2025-07-24 15:44:24,530 - INFO - Checking algo11 positions...
2025-07-24 15:44:24,532 - INFO - Checking algo15 positions...
2025-07-24 15:44:44,535 - INFO - Checking algo11 positions...
2025-07-24 15:44:44,537 - INFO - Checking algo15 positions...
2025-07-24 15:45:04,538 - INFO - Checking algo11 positions...
2025-07-24 15:45:04,541 - INFO - Checking algo15 positions...
2025-07-24 15:45:24,544 - INFO - Checking algo11 positions...
2025-07-24 15:45:24,546 - INFO - Checking algo15 positions...
2025-07-24 15:45:44,549 - INFO - Checking algo11 positions...
2025-07-24 15:45:44,552 - INFO - Checking algo15 positions...
2025-07-24 15:46:04,555 - INFO - Checking algo11 positions...
2025-07-24 15:46:04,556 - INFO - Checking algo15 positions...
2025-07-24 15:46:24,559 - INFO - Checking algo11 positions...
2025-07-24 15:46:24,561 - INFO - Checking algo15 positions...
2025-07-24 15:46:44,564 - INFO - Checking algo11 positions...
2025-07-24 15:46:44,566 - INFO - Checking algo15 positions...
2025-07-24 15:47:04,568 - INFO - Checking algo11 positions...
2025-07-24 15:47:04,570 - INFO - Checking algo15 positions...
2025-07-24 15:47:24,574 - INFO - Checking algo11 positions...
2025-07-24 15:47:24,576 - INFO - Checking algo15 positions...
2025-07-24 15:47:49,096 - INFO - 
==================================================
2025-07-24 15:47:49,127 - INFO - === TP/SL MANAGER STARTED ===
2025-07-24 15:47:49,138 - INFO - ==================================================

2025-07-24 15:47:49,159 - INFO - Checking algo11 positions...
2025-07-24 15:47:49,181 - INFO - [SUCCESS] MT5 connected for algo11
2025-07-24 15:47:49,192 - INFO - Checking algo15 positions...
2025-07-24 15:47:49,212 - INFO - [SUCCESS] MT5 connected for algo15
2025-07-24 15:48:09,217 - INFO - Checking algo11 positions...
2025-07-24 15:48:09,224 - INFO - Checking algo15 positions...
2025-07-24 15:48:29,243 - INFO - Checking algo11 positions...
2025-07-24 15:48:29,274 - INFO - Checking algo15 positions...
