2025-08-06 01:48:07,268 - INFO - Shutting down...
2025-08-06 01:48:07,269 - INFO - TP/SL manager stopped
2025-08-06 01:52:57,564 - INFO - === TP/SL MANAGER STARTED ===
2025-08-06 01:54:18,763 - INFO - Updated algo10 BTCUSD | SL: 114369.42833 | TP: 113659.52833
2025-08-06 01:54:18,768 - INFO - Updated 1 positions
2025-08-06 01:58:13,684 - INFO - === TP/SL MANAGER STARTED ===
2025-08-06 01:59:35,627 - INFO - Updated algo10 BTCUSD | SL: 114369.89833 | TP: 113659.99833
2025-08-06 01:59:35,630 - INFO - Updated 1 positions
2025-08-06 02:04:16,152 - INFO - === TP/SL MANAGER STARTED ===
2025-08-06 09:01:02,543 - INFO - Updated algo10 ETHUSD | SL: 3625.58683 | TP: 3647.44941
2025-08-06 09:01:02,550 - INFO - Updated 1 positions
2025-08-06 09:34:20,901 - INFO - === TP/SL MANAGER STARTED ===
2025-08-06 12:49:54,869 - ERROR - MT5 init failed for algo10: (-10005, 'IPC timeout')
2025-08-06 12:50:06,014 - ERROR - MT5 init failed for algo11: (-10005, 'IPC timeout')
2025-08-06 12:50:17,165 - ERROR - MT5 init failed for algo15: (-10005, 'IPC timeout')
2025-08-06 12:50:48,500 - ERROR - MT5 init failed for algo10: (-10005, 'IPC timeout')
2025-08-06 12:50:59,681 - ERROR - MT5 init failed for algo11: (-10005, 'IPC timeout')
2025-08-06 12:51:10,881 - ERROR - MT5 init failed for algo15: (-10005, 'IPC timeout')
2025-08-06 12:51:42,262 - ERROR - MT5 init failed for algo10: (-10005, 'IPC timeout')
2025-08-06 12:51:53,647 - ERROR - MT5 init failed for algo11: (-10005, 'IPC timeout')
2025-08-06 12:52:04,958 - ERROR - MT5 init failed for algo15: (-10005, 'IPC timeout')
2025-08-06 12:52:36,346 - ERROR - MT5 init failed for algo10: (-10005, 'IPC timeout')
2025-08-06 12:52:47,613 - ERROR - MT5 init failed for algo11: (-10005, 'IPC timeout')
2025-08-06 12:52:58,796 - ERROR - MT5 init failed for algo15: (-10005, 'IPC timeout')
2025-08-06 14:02:10,529 - INFO - Updated algo10 ETHUSD | SL: 3631.93971 | TP: 3610.23735
2025-08-06 14:02:10,532 - INFO - Updated 1 positions
2025-08-06 15:00:57,163 - INFO - Updated algo10 BTCUSD | SL: 113969.06444 | TP: 114618.29111
2025-08-06 15:00:57,166 - INFO - Updated 1 positions
2025-08-06 15:13:23,875 - INFO - Updated algo10 ETHUSD | SL: 3596.32615 | TP: 3617.96704
2025-08-06 15:13:23,878 - INFO - Updated 1 positions
2025-08-06 15:14:44,840 - INFO - Updated algo10 BTCUSD | SL: 113982.31778 | TP: 114608.82444
2025-08-06 15:14:44,843 - INFO - Updated 1 positions
2025-08-06 16:00:47,275 - INFO - Updated algo10 BTCUSD | SL: 114440.79563 | TP: 113760.64313
2025-08-06 16:00:47,799 - INFO - Updated algo10 ETHUSD | SL: 3576.29437 | TP: 3597.80117
2025-08-06 16:00:47,807 - INFO - Updated 2 positions
2025-08-06 16:31:43,425 - INFO - Updated algo10 BTCUSD | SL: 114450.70938 | TP: 113753.56188
2025-08-06 16:31:43,428 - INFO - Updated 1 positions
2025-08-06 17:01:09,031 - INFO - Updated algo10 BTCUSD | SL: 113988.36313 | TP: 114702.94063
2025-08-06 17:01:09,038 - INFO - Updated 1 positions
2025-08-06 18:00:57,220 - INFO - Updated algo10 BTCUSD | SL: 115741.56625 | TP: 115052.00125
2025-08-06 18:00:57,223 - INFO - Updated 1 positions
2025-08-06 18:01:17,592 - INFO - Updated algo10 ETHUSD | SL: 3628.23075 | TP: 3650.03518
2025-08-06 18:01:17,598 - INFO - Updated 1 positions
2025-08-06 18:03:29,896 - ERROR - MT5 init failed for algo10: (-10005, 'IPC timeout')
2025-08-06 18:03:41,047 - ERROR - MT5 init failed for algo11: (-10005, 'IPC timeout')
2025-08-06 18:03:52,162 - ERROR - MT5 init failed for algo15: (-10005, 'IPC timeout')
2025-08-06 18:04:23,496 - ERROR - MT5 init failed for algo10: (-10005, 'IPC timeout')
2025-08-06 18:04:34,780 - ERROR - MT5 init failed for algo11: (-10005, 'IPC timeout')
2025-08-06 18:04:45,981 - ERROR - MT5 init failed for algo15: (-10005, 'IPC timeout')
2025-08-06 18:05:17,280 - ERROR - MT5 init failed for algo10: (-10005, 'IPC timeout')
2025-08-06 18:05:28,546 - ERROR - MT5 init failed for algo11: (-10005, 'IPC timeout')
2025-08-06 19:01:00,667 - INFO - Updated algo10 ETHUSD | SL: 3679.95599 | TP: 3657.93429
2025-08-06 19:01:00,671 - INFO - Updated 1 positions
2025-08-06 21:07:20,932 - INFO - === TP/SL MANAGER STARTED ===
2025-08-06 21:24:52,011 - ERROR - MT5 init failed for algo11: (-10005, 'IPC timeout')
2025-08-06 21:25:23,248 - ERROR - MT5 init failed for algo11: (-10005, 'IPC timeout')
2025-08-07 06:00:47,281 - INFO - Updated algo10 ETHUSD | SL: 3672.85575 | TP: 3650.90304
2025-08-07 06:00:47,287 - INFO - Updated 1 positions
2025-08-07 06:01:07,623 - INFO - Updated algo10 BTCUSD | SL: 115059.72313 | TP: 114359.98063
2025-08-07 06:01:07,625 - INFO - Updated 1 positions
2025-08-07 06:22:58,555 - INFO - Updated algo10 BTCUSD | SL: 115069.93000 | TP: 114352.69000
2025-08-07 06:22:58,558 - INFO - Updated 1 positions
2025-08-07 08:01:25,573 - INFO - Updated algo10 ETHUSD | SL: 3650.66711 | TP: 3672.63207
2025-08-07 08:01:25,575 - INFO - Updated 1 positions
2025-08-07 09:00:56,161 - INFO - Updated algo10 ETHUSD | SL: 3701.61085 | TP: 3679.51225
2025-08-07 09:00:56,165 - INFO - Updated 1 positions
